src/th/niceoppai/build/outputs/mapping/release/seeds.txt
eu.kanade.tachiyomi.extension.th.niceoppai.ExtensionGenerated
eu.kanade.tachiyomi.extension.th.niceoppai.ExtensionGenerated: ExtensionGenerated()