src/th/niceoppai/build/outputs/mapping/release/mapping.txt
# compiler: R8
# compiler_version: 9.3.16
# min_api: 26
# common_typos_disable
# {"id":"com.android.tools.r8.mapping","version":"2.2"}
# pg_map_id: 0b477e1329045a2f95b57e71fa7798083e8d78ca01735ad4c240fdf71eb6f33a
# pg_map_hash: SHA-256 0b477e1329045a2f95b57e71fa7798083e8d78ca01735ad4c240fdf71eb6f33a
...
keiyoushi.source.KeiSource -> h:
# {"id":"sourceFile","fileName":"KeiSource.kt"}
    kotlin.Lazy client$delegate -> a
    kotlin.Lazy filterCacheDir$delegate -> b
    java.util.concurrent.ConcurrentHashMap updatesInFlight -> c
    1:3:void <init>():48:48 -> <init>
    4:8:void <init>():52:52 -> <init>
    9:17:void <init>():57:57 -> <init>
    18:20:void <init>():58:58 -> <init>
    21:23:void <init>():59:59 -> <init>
    24:35:void <init>():69:69 -> <init>
    36:40:void <init>():209:209 -> <init>
    41:45:void <init>():210:210 -> <init>
    46:56:void <init>():212:212 -> <init>
    57:65:void <init>():215:215 -> <init>
    66:73:void <init>():364:364 -> <init>
    1:12:okhttp3.OkHttpClient client_delegate$lambda$0(keiyoushi.source.KeiSource):70:70 -> a
      # {"id":"com.android.tools.r8.residualsignature","signature":"(Lh;)Lokhttp3/OkHttpClient;"}
    13:18:okhttp3.OkHttpClient client_delegate$lambda$0(keiyoushi.source.KeiSource):71:71 -> a
    19:24:okhttp3.OkHttpClient client_delegate$lambda$0(keiyoushi.source.KeiSource):527:527 -> a
    25:40:okhttp3.OkHttpClient client_delegate$lambda$0(keiyoushi.source.KeiSource):528:528 -> a
    41:56:okhttp3.OkHttpClient client_delegate$lambda$0(keiyoushi.source.KeiSource):73:73 -> a
    57:62:okhttp3.OkHttpClient client_delegate$lambda$0(keiyoushi.source.KeiSource):530:530 -> a
    63:78:okhttp3.OkHttpClient client_delegate$lambda$0(keiyoushi.source.KeiSource):531:531 -> a
keiyoushi.source.KeiSource$$ExternalSyntheticLambda0 -> d:
# {"id":"sourceFile","fileName":"R8$$SyntheticClass"}
# {"id":"com.android.tools.r8.synthesized"}
    int KeiSource$$ExternalSyntheticLambda0.$r8$classId -> a
      # {"id":"com.android.tools.r8.synthesized"}
    keiyoushi.source.KeiSource keiyoushi.source.KeiSource$$InternalSyntheticLambda$1$daf0d72822e9485d2531a746bc3152c3de4b00f33de78b31460bae62ba0c3212$0.f$0 -> b
      # {"id":"com.android.tools.r8.residualsignature","signature":"Lh;"}
      # {"id":"com.android.tools.r8.synthesized"}
    1:8:void KeiSource$$ExternalSyntheticLambda0.<init>(KeiSource,int):0:0 -> <init>
      # {"id":"com.android.tools.r8.synthesized"}
      # {"id":"com.android.tools.r8.residualsignature","signature":"(Lh;I)V"}
    8:15:java.io.File keiyoushi.source.KeiSource.getFilterCacheDir():212:212 -> invoke
    8:15:java.io.File keiyoushi.source.KeiSource.filterCacheFile_delegate$lambda$0(keiyoushi.source.KeiSource):216 -> invoke
    8:15:java.lang.Object KeiSource$$ExternalSyntheticLambda0.invoke():0 -> invoke
      # {"id":"com.android.tools.r8.synthesized"}
    16:22:java.io.File keiyoushi.source.KeiSource.filterCacheFile_delegate$lambda$0(keiyoushi.source.KeiSource):216:216 -> invoke
    16:22:java.lang.Object KeiSource$$ExternalSyntheticLambda0.invoke():0 -> invoke
    23:24:android.app.Application keiyoushi.utils.ContextKt.getApplicationContext():7:7 -> invoke
keiyoushi.source.KeiSource$delegate$1 -> e:
# {"id":"sourceFile","fileName":"KeiSource.kt"}
    keiyoushi.source.KeiSource this$0 -> a
      # {"id":"com.android.tools.r8.residualsignature","signature":"Lh;"}
    1:3:void <init>(keiyoushi.source.KeiSource):52:52 -> <init>
      # {"id":"com.android.tools.r8.residualsignature","signature":"(Lh;)V"}
    4:6:void <init>(keiyoushi.source.KeiSource):0:0 -> <init>
    1:11:okhttp3.Headers getValue():53:53 -> getValue
    1:11:java.lang.Object getValue():52 -> getValue
    1:2:boolean isInitialized():54:54 -> isInitialized