src/th/niceoppai/build/outputs/mapping/release/usage.txt
eu.kanade.tachiyomi.extension.BuildConfig
eu.kanade.tachiyomi.extension.R$mipmap
eu.kanade.tachiyomi.extension.R
eu.kanade.tachiyomi.extension.th.niceoppai.Niceoppai:
    private static final java.lang.String ORDER_BY_FILTER_TITLE
    public static final synthetic java.lang.Object access$fetchChapters(eu.kanade.tachiyomi.extension.th.niceoppai.Niceoppai,eu.kanade.tachiyomi.source.model.SManga,kotlin.coroutines.Continuation)
    public static final synthetic java.lang.Object access$fetchDetails(eu.kanade.tachiyomi.extension.th.niceoppai.Niceoppai,eu.kanade.tachiyomi.source.model.SManga,kotlin.coroutines.Continuation)
    public static final synthetic java.lang.Object access$fetchMangasPage(eu.kanade.tachiyomi.extension.th.niceoppai.Niceoppai,okhttp3.Request,kotlin.coroutines.Continuation)
eu.kanade.tachiyomi.extension.th.niceoppai.OrderByFilter:
    public synthetic void <init>(java.lang.String,java.util.List,int,int,kotlin.jvm.internal.DefaultConstructorMarker)
eu.kanade.tachiyomi.extension.th.niceoppai.UriPartFilter:
    public synthetic void <init>(java.lang.String,kotlin.Pair[],int,int,kotlin.jvm.internal.DefaultConstructorMarker)
keiyoushi.annotation.Source
keiyoushi.core.R$mipmap
keiyoushi.core.R
keiyoushi.network.CookieConfig
keiyoushi.network.CookieInterceptor
keiyoushi.network.CookieKt
keiyoushi.network.OkHttpKt
keiyoushi.network.RateLimitInterceptor$RateLimit
keiyoushi.network.RateLimitInterceptor$RateLimitTag
keiyoushi.network.RateLimitInterceptor$TaggingInterceptor
keiyoushi.network.RateLimitInterceptor:
    private final java.util.List rateLimits
    public void <init>(keiyoushi.network.RateLimitRule)
    private final void acquireSlot(keiyoushi.network.RateLimitInterceptor$RateLimit,okhttp3.Call)
    public final void addRule(keiyoushi.network.RateLimitRule)
    public okhttp3.Response intercept(okhttp3.Interceptor$Chain)
keiyoushi.network.RateLimitKt
keiyoushi.network.RateLimitRule
keiyoushi.source.CustomUrlPreferences$setupPreferenceScreen$1$2$2
keiyoushi.source.CustomUrlPreferences
keiyoushi.source.KeiSource$FilterCacheState:
    public final keiyoushi.source.KeiSource$FilterCacheState copy(kotlinx.serialization.json.JsonElement,boolean)
    public static synthetic keiyoushi.source.KeiSource$FilterCacheState copy$default(keiyoushi.source.KeiSource$FilterCacheState,kotlinx.serialization.json.JsonElement,boolean,int,java.lang.Object)
    public final kotlinx.serialization.json.JsonElement getData()
    public final boolean isFresh()
keiyoushi.source.KeiSource:
    public static synthetic void getDisableRelatedMangas$annotations()
    public static synthetic void getDisableRelatedMangasBySearch$annotations()
    public abstract java.lang.Object getLatestUpdates(int,kotlin.coroutines.Continuation)
    public abstract java.lang.Object getPageList(eu.kanade.tachiyomi.source.model.SChapter,kotlin.coroutines.Continuation)
    public abstract java.lang.Object getPopularManga(int,kotlin.coroutines.Continuation)
    public boolean getSupportsLatest()
keiyoushi.source.MirrorPreferences
keiyoushi.source.UrlActivity
keiyoushi.utils.BinaryKt
keiyoushi.utils.CollectionsKt
keiyoushi.utils.CryptoKt
keiyoushi.utils.DateKt
keiyoushi.utils.GraphQLErrorInterceptor
keiyoushi.utils.GraphQLException
keiyoushi.utils.GraphQLKt$parseGraphQLAs$1
keiyoushi.utils.GraphQLKt$parseGraphQLAs$2
keiyoushi.utils.GraphQLKt
keiyoushi.utils.GraphQLRequest$$serializer
keiyoushi.utils.GraphQLRequest$Companion
keiyoushi.utils.GraphQLRequest
keiyoushi.utils.GraphQLResponse$$serializer
keiyoushi.utils.GraphQLResponse$Companion
keiyoushi.utils.GraphQLResponse$GraphQLError$$serializer
keiyoushi.utils.GraphQLResponse$GraphQLError$Companion
keiyoushi.utils.GraphQLResponse$GraphQLError
keiyoushi.utils.GraphQLResponse
keiyoushi.utils.InflaterKt
keiyoushi.utils.JsonElementKt